MPASM 5.87                          MAIN.ASM   10-24-2021  17:11:40         PAGE  1


LOC  OBJECT CODE     LINE SOURCE TEXT
  VALUE

                      00001 #include "p16f84a.inc"
                      00001         LIST
                      00002 
                      00003 ;==========================================================================
                      00004 ; Build date : Jan 06 2020
                      00005 ;  MPASM PIC16F84A processor include
                      00006 ; 
                      00007 ;  (c) Copyright 1999-2020 Microchip Technology, All rights reserved
                      00008 ;==========================================================================
                      00009 
                      00209         LIST
                      00002 ; CONFIG
                      00003 ; __config 0x3FFA
2007   3FFA           00004  __CONFIG _FOSC_HS & _WDTE_OFF & _PWRTE_OFF & _CP_OFF
                      00005 
                      00006  cblock         0x0C
  0000000C            00007     DELAY1
  0000000D            00008     DELAY2
                      00009  endc
                      00010  org            0x00
                      00011 
0000                  00012 start
0000   1683           00013     bsf         STATUS, RP0
Message[302]: Register in operand not in bank 0.  Ensure that bank bits are correct.
0001   1405           00014     bsf         TRISA, TRISA0
0002   0103           00015     clrw
0003   3000           00016     movlw       0x00
Message[305]: Using default destination of 1 (file).
Message[302]: Register in operand not in bank 0.  Ensure that bank bits are correct.
0004   0586           00017     andwf       TRISB                                
0005   1283           00018     bcf         STATUS, RP0
Message[305]: Using default destination of 1 (file).
0006   0586           00019     andwf       PORTB
                      00020 
0007                  00021 pattern1
0007   0103           00022     clrw
0008   3055           00023     movlw       0x55            ;0b'0101 0101'
0009   0086           00024     movwf       PORTB
000A                  00025 loop1
000A   30AA           00026     movlw       0xAA
000B   008D           00027     movwf       DELAY2
000C   2???           00028     call        delay
                      00029     
000D   30AA           00030     movlw       0xAA
000E   008D           00031     movwf       DELAY2
000F   0C86           00032     rrf         PORTB, f        ;move bits to the right
0010   1805           00033     btfsc       PORTA, RA0
0011   2???           00034     goto        loop1
0012   2???           00035     goto        pattern2
                      00036 
0013                  00037 pattern2
0013   0103           00038     clrw
0014   3001           00039     movlw       0x01            ;0b'0000 0001'
MPASM 5.87                          MAIN.ASM   10-24-2021  17:11:40         PAGE  2


LOC  OBJECT CODE     LINE SOURCE TEXT
  VALUE

0015   0086           00040     movwf       PORTB
0016                  00041 loop2
0016   30AA           00042     movlw       0xAA
0017   008D           00043     movwf       DELAY2
0018   2???           00044     call        delay
                      00045     
0019   30AA           00046     movlw       0xAA
001A   008D           00047     movwf       DELAY2
001B   0D86           00048     rlf         PORTB, f        ;move bits to the left
001C   2???           00049     call        delay
                      00050 
001D   1805           00051     btfsc       PORTA, RA0
001E   2???           00052     goto        loop2
001F   2???           00053     goto        pattern3
                      00054 
0020                  00055 pattern3
0020   0103           00056     clrw
0021   30F0           00057     movlw       0xF0            ;0b'1111 0000'
0022   0086           00058     movwf       PORTB
0023                  00059 loop3
0023   30AA           00060     movlw       0xAA
0024   008D           00061     movwf       DELAY2
0025   2???           00062     call        delay
                      00063     
0026   30AA           00064     movlw       0xAA
0027   008D           00065     movwf       DELAY2
0028   0986           00066     comf        PORTB, f        ;complement PORTB
0029   1805           00067     btfsc       PORTA, RA0
002A   2???           00068     goto        loop3
002B   2???           00069     goto        pattern4
                      00070 
002C                  00071 pattern4
002C   0103           00072     clrw
002D   30CC           00073     movlw       0xCC            ;0b'1100 1100'
002E   0086           00074     movwf       PORTB
002F                  00075 loop4
002F   30AA           00076     movlw       0xAA
0030   008D           00077     movwf       DELAY2
0031   2???           00078     call        delay
                      00079     
0032   30AA           00080     movlw       0xAA
0033   008D           00081     movwf       DELAY2
0034   0C86           00082     rrf         PORTB, f        ;move bits to the right
0035   1805           00083     btfsc       PORTA, RA0
0036   2???           00084     goto        loop4
0037   2???           00085     goto        pattern1
                      00086 
0038                  00087 delay
0038                  00088 loop
0038   0B8C           00089     decfsz      DELAY1, f
0039   2???           00090     goto        loop
Message[305]: Using default destination of 1 (file).
003A   0B8D           00091     decfsz      DELAY2
MPASM 5.87                          MAIN.ASM   10-24-2021  17:11:40         PAGE  3


LOC  OBJECT CODE     LINE SOURCE TEXT
  VALUE

003B   2???           00092     goto        loop
003C   0008           00093     return
3FFA                  00094  end
MPASM 5.87                          MAIN.ASM   10-24-2021  17:11:40         PAGE  4


SYMBOL TABLE
  LABEL                             VALUE 

C                                 00000000
DC                                00000001
DELAY1                            0000000C
DELAY2                            0000000D
EEADR                             00000009
EECON1                            00000088
EECON2                            00000089
EEDATA                            00000008
EEIE                              00000006
EEIF                              00000004
F                                 00000001
FSR                               00000004
GIE                               00000007
INDF                              00000000
INTCON                            0000000B
INTE                              00000004
INTEDG                            00000006
INTF                              00000001
IRP                               00000007
NOT_PD                            00000003
NOT_RBPU                          00000007
NOT_TO                            00000004
OPTION_REG                        00000081
PCL                               00000002
PCLATH                            0000000A
PORTA                             00000005
PORTB                             00000006
PS0                               00000000
PS1                               00000001
PS2                               00000002
PSA                               00000003
RA0                               00000000
RA1                               00000001
RA2                               00000002
RA3                               00000003
RA4                               00000004
RB0                               00000000
RB1                               00000001
RB2                               00000002
RB3                               00000003
RB4                               00000004
RB5                               00000005
RB6                               00000006
RB7                               00000007
RBIE                              00000003
RBIF                              00000000
RD                                00000000
RP0                               00000005
RP1                               00000006
STATUS                            00000003
T0CS                              00000005
T0IE                              00000005
T0IF                              00000002
MPASM 5.87                          MAIN.ASM   10-24-2021  17:11:40         PAGE  5


SYMBOL TABLE
  LABEL                             VALUE 

T0SE                              00000004
TMR0                              00000001
TMR0IE                            00000005
TMR0IF                            00000002
TRISA                             00000085
TRISA0                            00000000
TRISA1                            00000001
TRISA2                            00000002
TRISA3                            00000003
TRISA4                            00000004
TRISB                             00000086
TRISB0                            00000000
TRISB1                            00000001
TRISB2                            00000002
TRISB3                            00000003
TRISB4                            00000004
TRISB5                            00000005
TRISB6                            00000006
TRISB7                            00000007
W                                 00000000
WR                                00000001
WREN                              00000002
WRERR                             00000003
Z                                 00000002
_CONFIG                           00002007
_CP_OFF                           00003FFF
_CP_ON                            0000000F
_DEVID1                           00002006
_FOSC_EXTRC                       00003FFF
_FOSC_HS                          00003FFE
_FOSC_LP                          00003FFC
_FOSC_XT                          00003FFD
_HS_OSC                           00003FFE
_IDLOC0                           00002000
_IDLOC1                           00002001
_IDLOC2                           00002002
_IDLOC3                           00002003
_LP_OSC                           00003FFC
_PWRTE_OFF                        00003FFF
_PWRTE_ON                         00003FF7
_RC_OSC                           00003FFF
_WDTE_OFF                         00003FFB
_WDTE_ON                          00003FFF
_WDT_OFF                          00003FFB
_WDT_ON                           00003FFF
_XT_OSC                           00003FFD
__16F84A                          00000001
delay                             00000038
loop                              00000038
loop1                             0000000A
loop2                             00000016
loop3                             00000023
loop4                             0000002F
MPASM 5.87                          MAIN.ASM   10-24-2021  17:11:40         PAGE  6


SYMBOL TABLE
  LABEL                             VALUE 

pattern1                          00000007
pattern2                          00000013
pattern3                          00000020
pattern4                          0000002C
start                             00000000

Errors   :     0
Warnings :     0 reported,     0 suppressed
Messages :     5 reported,     0 suppressed

