MPASM 5.87                          MAIN.ASM   10-27-2021  11:52:46         PAGE  1


LOC  OBJECT CODE     LINE SOURCE TEXT
  VALUE

                      00001 #include "p16f84a.inc"
                      00001         LIST
                      00002 
                      00003 ;==========================================================================
                      00004 ; Build date : Jan 06 2020
                      00005 ;  MPASM PIC16F84A processor include
                      00006 ; 
                      00007 ;  (c) Copyright 1999-2020 Microchip Technology, All rights reserved
                      00008 ;==========================================================================
                      00009 
                      00209         LIST
                      00002 ; CONFIG
                      00003 ; __config 0x3FFA
2007   3FFA           00004  __CONFIG _FOSC_HS & _WDTE_OFF & _PWRTE_OFF & _CP_OFF
                      00005 
                      00006  cblock     0x0C
  0000000C            00007    DISPLAY
                      00008  endc
                      00009  org        0x00
                      00010 
0000                  00011 start
0000   1683           00012     bsf     STATUS, RP0     ; go to Bank 1
0001   3004           00013     movlw   b'00000100'     ; configure Timer0, 1:32
Message[302]: Register in operand not in bank 0.  Ensure that bank bits are correct.
0002   0081           00014     movwf   OPTION_REG      ; maximum prescaler
Message[302]: Register in operand not in bank 0.  Ensure that bank bits are correct.
0003   0186           00015     clrf    TRISB           ; data direction of PORTB is OUTPUT
0004   018C           00016     clrf    DISPLAY         ; clear DISPLAY register
0005   1283           00017     bcf     STATUS, RP0     ; go to Bank 0
                      00018 
0006                  00019 ForeverLoop
0006   1D0B           00020     btfss   INTCON, T0IF    ; bit test f, skip if set
                      00021                             ; TMR0 Overflow Interrupt Flag bit
                      00022                             ; 1 = TMR0 register has overflowed (must be cleared in software)
                      00023                             ; 0 = TMR0 register did not overflow
0007   2???           00024     goto    ForeverLoop     ; if TOIF == 0, execute, else skip
0008   110B           00025     bcf     INTCON, T0IF    ; if T0IF == 1, execute
0009   0A8C           00026     incf    DISPLAY, f      ; increment DISPLAY register and store
000A   080C           00027     movf    DISPLAY, w      ; move from DISPLAY to W register
000B   0086           00028     movwf   PORTB
000C   2???           00029     goto    ForeverLoop
3FFA                  00030  end
MPASM 5.87                          MAIN.ASM   10-27-2021  11:52:46         PAGE  2


SYMBOL TABLE
  LABEL                             VALUE 

C                                 00000000
DC                                00000001
DISPLAY                           0000000C
EEADR                             00000009
EECON1                            00000088
EECON2                            00000089
EEDATA                            00000008
EEIE                              00000006
EEIF                              00000004
F                                 00000001
FSR                               00000004
ForeverLoop                       00000006
GIE                               00000007
INDF                              00000000
INTCON                            0000000B
INTE                              00000004
INTEDG                            00000006
INTF                              00000001
IRP                               00000007
NOT_PD                            00000003
NOT_RBPU                          00000007
NOT_TO                            00000004
OPTION_REG                        00000081
PCL                               00000002
PCLATH                            0000000A
PORTA                             00000005
PORTB                             00000006
PS0                               00000000
PS1                               00000001
PS2                               00000002
PSA                               00000003
RA0                               00000000
RA1                               00000001
RA2                               00000002
RA3                               00000003
RA4                               00000004
RB0                               00000000
RB1                               00000001
RB2                               00000002
RB3                               00000003
RB4                               00000004
RB5                               00000005
RB6                               00000006
RB7                               00000007
RBIE                              00000003
RBIF                              00000000
RD                                00000000
RP0                               00000005
RP1                               00000006
STATUS                            00000003
T0CS                              00000005
T0IE                              00000005
T0IF                              00000002
MPASM 5.87                          MAIN.ASM   10-27-2021  11:52:46         PAGE  3


SYMBOL TABLE
  LABEL                             VALUE 

T0SE                              00000004
TMR0                              00000001
TMR0IE                            00000005
TMR0IF                            00000002
TRISA                             00000085
TRISA0                            00000000
TRISA1                            00000001
TRISA2                            00000002
TRISA3                            00000003
TRISA4                            00000004
TRISB                             00000086
TRISB0                            00000000
TRISB1                            00000001
TRISB2                            00000002
TRISB3                            00000003
TRISB4                            00000004
TRISB5                            00000005
TRISB6                            00000006
TRISB7                            00000007
W                                 00000000
WR                                00000001
WREN                              00000002
WRERR                             00000003
Z                                 00000002
_CONFIG                           00002007
_CP_OFF                           00003FFF
_CP_ON                            0000000F
_DEVID1                           00002006
_FOSC_EXTRC                       00003FFF
_FOSC_HS                          00003FFE
_FOSC_LP                          00003FFC
_FOSC_XT                          00003FFD
_HS_OSC                           00003FFE
_IDLOC0                           00002000
_IDLOC1                           00002001
_IDLOC2                           00002002
_IDLOC3                           00002003
_LP_OSC                           00003FFC
_PWRTE_OFF                        00003FFF
_PWRTE_ON                         00003FF7
_RC_OSC                           00003FFF
_WDTE_OFF                         00003FFB
_WDTE_ON                          00003FFF
_WDT_OFF                          00003FFB
_WDT_ON                           00003FFF
_XT_OSC                           00003FFD
__16F84A                          00000001
start                             00000000

Errors   :     0
Warnings :     0 reported,     0 suppressed
Messages :     2 reported,     0 suppressed

