   1               		.file	"twimaster.c"
   2               	__SP_H__ = 0x3e
   3               	__SP_L__ = 0x3d
   4               	__SREG__ = 0x3f
   5               	__tmp_reg__ = 0
   6               	__zero_reg__ = 1
   7               		.text
   8               	.Ltext0:
   9               		.cfi_sections	.debug_frame
  10               	.global	i2c_init
  12               	i2c_init:
  13               	.LFB0:
  14               		.file 1 "src/twimaster.c"
   1:src/twimaster.c **** /*************************************************************************
   2:src/twimaster.c **** * Title:    I2C master library using hardware TWI interface
   3:src/twimaster.c **** * Author:   Peter Fleury <pfleury@gmx.ch>  http://jump.to/fleury
   4:src/twimaster.c **** * File:     $Id: twimaster.c,v 1.4 2015/01/17 12:16:05 peter Exp $
   5:src/twimaster.c **** * Software: AVR-GCC 3.4.3 / avr-libc 1.2.3
   6:src/twimaster.c **** * Target:   any AVR device with hardware TWI 
   7:src/twimaster.c **** * Usage:    API compatible with I2C Software Library i2cmaster.h
   8:src/twimaster.c **** **************************************************************************/
   9:src/twimaster.c **** #include <inttypes.h>
  10:src/twimaster.c **** #include <compat/twi.h>
  11:src/twimaster.c **** 
  12:src/twimaster.c **** #include <lib/i2cmaster.h>
  13:src/twimaster.c **** 
  14:src/twimaster.c **** 
  15:src/twimaster.c **** /* define CPU frequency in hz here if not defined in Makefile */
  16:src/twimaster.c **** #ifndef F_CPU
  17:src/twimaster.c **** #define F_CPU 4000000UL
  18:src/twimaster.c **** #endif
  19:src/twimaster.c **** 
  20:src/twimaster.c **** /* I2C clock in Hz */
  21:src/twimaster.c **** #define SCL_CLOCK  100000L
  22:src/twimaster.c **** 
  23:src/twimaster.c **** 
  24:src/twimaster.c **** /*************************************************************************
  25:src/twimaster.c ****  Initialization of the I2C bus interface. Need to be called only once
  26:src/twimaster.c **** *************************************************************************/
  27:src/twimaster.c **** void i2c_init(void)
  28:src/twimaster.c **** {
  15               		.loc 1 28 0
  16               		.cfi_startproc
  17               	/* prologue: function */
  18               	/* frame size = 0 */
  19               	/* stack size = 0 */
  20               	.L__stack_usage = 0
  29:src/twimaster.c ****   /* initialize TWI clock: 100 kHz clock, TWPS = 0 => prescaler = 1 */
  30:src/twimaster.c ****   
  31:src/twimaster.c ****   TWSR = 0;                         /* no prescaler */
  21               		.loc 1 31 0
  22 0000 1092 B900 		sts 185,__zero_reg__
  32:src/twimaster.c ****   TWBR = ((F_CPU/SCL_CLOCK)-16)/2;  /* must be > 10 for stable operation */
  23               		.loc 1 32 0
  24 0004 88E4      		ldi r24,lo8(72)
  25 0006 8093 B800 		sts 184,r24
  26 000a 0895      		ret
  27               		.cfi_endproc
  28               	.LFE0:
  30               	.global	i2c_start
  32               	i2c_start:
  33               	.LFB1:
  33:src/twimaster.c **** 
  34:src/twimaster.c **** }/* i2c_init */
  35:src/twimaster.c **** 
  36:src/twimaster.c **** 
  37:src/twimaster.c **** /*************************************************************************	
  38:src/twimaster.c ****   Issues a start condition and sends address and transfer direction.
  39:src/twimaster.c ****   return 0 = device accessible, 1= failed to access device
  40:src/twimaster.c **** *************************************************************************/
  41:src/twimaster.c **** unsigned char i2c_start(unsigned char address)
  42:src/twimaster.c **** {
  34               		.loc 1 42 0
  35               		.cfi_startproc
  36               	.LVL0:
  37               	/* prologue: function */
  38               	/* frame size = 0 */
  39               	/* stack size = 0 */
  40               	.L__stack_usage = 0
  43:src/twimaster.c ****     uint8_t   twst;
  44:src/twimaster.c **** 
  45:src/twimaster.c **** 	// send START condition
  46:src/twimaster.c **** 	TWCR = (1<<TWINT) | (1<<TWSTA) | (1<<TWEN);
  41               		.loc 1 46 0
  42 000c 94EA      		ldi r25,lo8(-92)
  43 000e 9093 BC00 		sts 188,r25
  44               	.L3:
  47:src/twimaster.c **** 
  48:src/twimaster.c **** 	// wait until transmission completed
  49:src/twimaster.c **** 	while(!(TWCR & (1<<TWINT)));
  45               		.loc 1 49 0 discriminator 1
  46 0012 9091 BC00 		lds r25,188
  47 0016 97FF      		sbrs r25,7
  48 0018 00C0      		rjmp .L3
  50:src/twimaster.c **** 
  51:src/twimaster.c **** 	// check value of TWI Status Register. Mask prescaler bits.
  52:src/twimaster.c **** 	twst = TW_STATUS & 0xF8;
  49               		.loc 1 52 0
  50 001a 9091 B900 		lds r25,185
  51 001e 987F      		andi r25,lo8(-8)
  52               	.LVL1:
  53:src/twimaster.c **** 	if ( (twst != TW_START) && (twst != TW_REP_START)) return 1;
  53               		.loc 1 53 0
  54 0020 9830      		cpi r25,lo8(8)
  55 0022 01F0      		breq .L4
  56               		.loc 1 53 0 is_stmt 0 discriminator 1
  57 0024 9031      		cpi r25,lo8(16)
  58 0026 01F0      		breq .L4
  59               	.LVL2:
  60               	.L7:
  61               		.loc 1 53 0
  62 0028 81E0      		ldi r24,lo8(1)
  63 002a 0895      		ret
  64               	.LVL3:
  65               	.L4:
  66               	.LBB4:
  67               	.LBB5:
  54:src/twimaster.c **** 
  55:src/twimaster.c **** 	// send device address
  56:src/twimaster.c **** 	TWDR = address;
  68               		.loc 1 56 0 is_stmt 1
  69 002c 8093 BB00 		sts 187,r24
  57:src/twimaster.c **** 	TWCR = (1<<TWINT) | (1<<TWEN);
  70               		.loc 1 57 0
  71 0030 84E8      		ldi r24,lo8(-124)
  72               	.LVL4:
  73 0032 8093 BC00 		sts 188,r24
  74               	.LVL5:
  75               	.L6:
  58:src/twimaster.c **** 
  59:src/twimaster.c **** 	// wail until transmission completed and ACK/NACK has been received
  60:src/twimaster.c **** 	while(!(TWCR & (1<<TWINT)));
  76               		.loc 1 60 0
  77 0036 8091 BC00 		lds r24,188
  78 003a 87FF      		sbrs r24,7
  79 003c 00C0      		rjmp .L6
  61:src/twimaster.c **** 
  62:src/twimaster.c **** 	// check value of TWI Status Register. Mask prescaler bits.
  63:src/twimaster.c **** 	twst = TW_STATUS & 0xF8;
  80               		.loc 1 63 0
  81 003e 8091 B900 		lds r24,185
  82 0042 887F      		andi r24,lo8(-8)
  83               	.LVL6:
  64:src/twimaster.c **** 	if ( (twst != TW_MT_SLA_ACK) && (twst != TW_MR_SLA_ACK) ) return 1;
  84               		.loc 1 64 0
  85 0044 8831      		cpi r24,lo8(24)
  86 0046 01F0      		breq .L8
  87 0048 8034      		cpi r24,lo8(64)
  88 004a 01F4      		brne .L7
  89               	.L8:
  65:src/twimaster.c **** 
  66:src/twimaster.c **** 	return 0;
  90               		.loc 1 66 0
  91 004c 80E0      		ldi r24,0
  92               	.LVL7:
  93               	.LBE5:
  94               	.LBE4:
  67:src/twimaster.c **** 
  68:src/twimaster.c **** }/* i2c_start */
  95               		.loc 1 68 0
  96 004e 0895      		ret
  97               		.cfi_endproc
  98               	.LFE1:
 100               	.global	i2c_start_wait
 102               	i2c_start_wait:
 103               	.LFB2:
  69:src/twimaster.c **** 
  70:src/twimaster.c **** 
  71:src/twimaster.c **** /*************************************************************************
  72:src/twimaster.c ****  Issues a start condition and sends address and transfer direction.
  73:src/twimaster.c ****  If device is busy, use ack polling to wait until device is ready
  74:src/twimaster.c ****  
  75:src/twimaster.c ****  Input:   address and transfer direction of I2C device
  76:src/twimaster.c **** *************************************************************************/
  77:src/twimaster.c **** void i2c_start_wait(unsigned char address)
  78:src/twimaster.c **** {
 104               		.loc 1 78 0
 105               		.cfi_startproc
 106               	.LVL8:
 107               	/* prologue: function */
 108               	/* frame size = 0 */
 109               	/* stack size = 0 */
 110               	.L__stack_usage = 0
  79:src/twimaster.c ****     uint8_t   twst;
  80:src/twimaster.c **** 
  81:src/twimaster.c **** 
  82:src/twimaster.c ****     while ( 1 )
  83:src/twimaster.c ****     {
  84:src/twimaster.c **** 	    // send START condition
  85:src/twimaster.c **** 	    TWCR = (1<<TWINT) | (1<<TWSTA) | (1<<TWEN);
 111               		.loc 1 85 0
 112 0050 24EA      		ldi r18,lo8(-92)
  86:src/twimaster.c ****     
  87:src/twimaster.c ****     	// wait until transmission completed
  88:src/twimaster.c ****     	while(!(TWCR & (1<<TWINT)));
  89:src/twimaster.c ****     
  90:src/twimaster.c ****     	// check value of TWI Status Register. Mask prescaler bits.
  91:src/twimaster.c ****     	twst = TW_STATUS & 0xF8;
  92:src/twimaster.c ****     	if ( (twst != TW_START) && (twst != TW_REP_START)) continue;
  93:src/twimaster.c ****     
  94:src/twimaster.c ****     	// send device address
  95:src/twimaster.c ****     	TWDR = address;
  96:src/twimaster.c ****     	TWCR = (1<<TWINT) | (1<<TWEN);
 113               		.loc 1 96 0
 114 0052 34E8      		ldi r19,lo8(-124)
  97:src/twimaster.c ****     
  98:src/twimaster.c ****     	// wail until transmission completed
  99:src/twimaster.c ****     	while(!(TWCR & (1<<TWINT)));
 100:src/twimaster.c ****     
 101:src/twimaster.c ****     	// check value of TWI Status Register. Mask prescaler bits.
 102:src/twimaster.c ****     	twst = TW_STATUS & 0xF8;
 103:src/twimaster.c ****     	if ( (twst == TW_MT_SLA_NACK )||(twst ==TW_MR_DATA_NACK) ) 
 104:src/twimaster.c ****     	{    	    
 105:src/twimaster.c ****     	    /* device busy, send stop condition to terminate write operation */
 106:src/twimaster.c **** 	        TWCR = (1<<TWINT) | (1<<TWEN) | (1<<TWSTO);
 115               		.loc 1 106 0
 116 0054 44E9      		ldi r20,lo8(-108)
 117               	.L19:
  85:src/twimaster.c ****     
 118               		.loc 1 85 0
 119 0056 2093 BC00 		sts 188,r18
 120               	.L20:
  88:src/twimaster.c ****     
 121               		.loc 1 88 0 discriminator 1
 122 005a 9091 BC00 		lds r25,188
 123 005e 97FF      		sbrs r25,7
 124 0060 00C0      		rjmp .L20
  91:src/twimaster.c ****     	if ( (twst != TW_START) && (twst != TW_REP_START)) continue;
 125               		.loc 1 91 0
 126 0062 9091 B900 		lds r25,185
 127 0066 987F      		andi r25,lo8(-8)
 128               	.LVL9:
  92:src/twimaster.c ****     
 129               		.loc 1 92 0
 130 0068 9830      		cpi r25,lo8(8)
 131 006a 01F0      		breq .L21
  92:src/twimaster.c ****     
 132               		.loc 1 92 0 is_stmt 0 discriminator 1
 133 006c 9031      		cpi r25,lo8(16)
 134 006e 01F4      		brne .L19
 135               	.L21:
  95:src/twimaster.c ****     	TWCR = (1<<TWINT) | (1<<TWEN);
 136               		.loc 1 95 0 is_stmt 1
 137 0070 8093 BB00 		sts 187,r24
  96:src/twimaster.c ****     
 138               		.loc 1 96 0
 139 0074 3093 BC00 		sts 188,r19
 140               	.LVL10:
 141               	.L23:
  99:src/twimaster.c ****     
 142               		.loc 1 99 0 discriminator 1
 143 0078 9091 BC00 		lds r25,188
 144 007c 97FF      		sbrs r25,7
 145 007e 00C0      		rjmp .L23
 102:src/twimaster.c ****     	if ( (twst == TW_MT_SLA_NACK )||(twst ==TW_MR_DATA_NACK) ) 
 146               		.loc 1 102 0
 147 0080 9091 B900 		lds r25,185
 148 0084 987F      		andi r25,lo8(-8)
 149               	.LVL11:
 103:src/twimaster.c ****     	{    	    
 150               		.loc 1 103 0
 151 0086 9032      		cpi r25,lo8(32)
 152 0088 01F0      		breq .L24
 103:src/twimaster.c ****     	{    	    
 153               		.loc 1 103 0 is_stmt 0 discriminator 1
 154 008a 9835      		cpi r25,lo8(88)
 155 008c 01F4      		brne .L18
 156               	.L24:
 157               		.loc 1 106 0 is_stmt 1
 158 008e 4093 BC00 		sts 188,r20
 159               	.LVL12:
 160               	.L26:
 107:src/twimaster.c **** 	        
 108:src/twimaster.c **** 	        // wait until stop condition is executed and bus released
 109:src/twimaster.c **** 	        while(TWCR & (1<<TWSTO));
 161               		.loc 1 109 0 discriminator 1
 162 0092 9091 BC00 		lds r25,188
 163 0096 94FD      		sbrc r25,4
 164 0098 00C0      		rjmp .L26
 165 009a 00C0      		rjmp .L19
 166               	.LVL13:
 167               	.L18:
 168 009c 0895      		ret
 169               		.cfi_endproc
 170               	.LFE2:
 172               	.global	i2c_rep_start
 174               	i2c_rep_start:
 175               	.LFB3:
 110:src/twimaster.c **** 	        
 111:src/twimaster.c ****     	    continue;
 112:src/twimaster.c ****     	}
 113:src/twimaster.c ****     	//if( twst != TW_MT_SLA_ACK) return 1;
 114:src/twimaster.c ****     	break;
 115:src/twimaster.c ****      }
 116:src/twimaster.c **** 
 117:src/twimaster.c **** }/* i2c_start_wait */
 118:src/twimaster.c **** 
 119:src/twimaster.c **** 
 120:src/twimaster.c **** /*************************************************************************
 121:src/twimaster.c ****  Issues a repeated start condition and sends address and transfer direction 
 122:src/twimaster.c **** 
 123:src/twimaster.c ****  Input:   address and transfer direction of I2C device
 124:src/twimaster.c ****  
 125:src/twimaster.c ****  Return:  0 device accessible
 126:src/twimaster.c ****           1 failed to access device
 127:src/twimaster.c **** *************************************************************************/
 128:src/twimaster.c **** unsigned char i2c_rep_start(unsigned char address)
 129:src/twimaster.c **** {
 176               		.loc 1 129 0
 177               		.cfi_startproc
 178               	.LVL14:
 179               	/* prologue: function */
 180               	/* frame size = 0 */
 181               	/* stack size = 0 */
 182               	.L__stack_usage = 0
 130:src/twimaster.c ****     return i2c_start( address );
 183               		.loc 1 130 0
 184 009e 0C94 0000 		jmp i2c_start
 185               	.LVL15:
 186               		.cfi_endproc
 187               	.LFE3:
 189               	.global	i2c_stop
 191               	i2c_stop:
 192               	.LFB4:
 131:src/twimaster.c **** 
 132:src/twimaster.c **** }/* i2c_rep_start */
 133:src/twimaster.c **** 
 134:src/twimaster.c **** 
 135:src/twimaster.c **** /*************************************************************************
 136:src/twimaster.c ****  Terminates the data transfer and releases the I2C bus
 137:src/twimaster.c **** *************************************************************************/
 138:src/twimaster.c **** void i2c_stop(void)
 139:src/twimaster.c **** {
 193               		.loc 1 139 0
 194               		.cfi_startproc
 195               	/* prologue: function */
 196               	/* frame size = 0 */
 197               	/* stack size = 0 */
 198               	.L__stack_usage = 0
 140:src/twimaster.c ****     /* send stop condition */
 141:src/twimaster.c **** 	TWCR = (1<<TWINT) | (1<<TWEN) | (1<<TWSTO);
 199               		.loc 1 141 0
 200 00a2 84E9      		ldi r24,lo8(-108)
 201 00a4 8093 BC00 		sts 188,r24
 202               	.L38:
 142:src/twimaster.c **** 	
 143:src/twimaster.c **** 	// wait until stop condition is executed and bus released
 144:src/twimaster.c **** 	while(TWCR & (1<<TWSTO));
 203               		.loc 1 144 0 discriminator 1
 204 00a8 8091 BC00 		lds r24,188
 205 00ac 84FD      		sbrc r24,4
 206 00ae 00C0      		rjmp .L38
 207               	/* epilogue start */
 145:src/twimaster.c **** 
 146:src/twimaster.c **** }/* i2c_stop */
 208               		.loc 1 146 0
 209 00b0 0895      		ret
 210               		.cfi_endproc
 211               	.LFE4:
 213               	.global	i2c_write
 215               	i2c_write:
 216               	.LFB5:
 147:src/twimaster.c **** 
 148:src/twimaster.c **** 
 149:src/twimaster.c **** /*************************************************************************
 150:src/twimaster.c ****   Send one byte to I2C device
 151:src/twimaster.c ****   
 152:src/twimaster.c ****   Input:    byte to be transfered
 153:src/twimaster.c ****   Return:   0 write successful 
 154:src/twimaster.c ****             1 write failed
 155:src/twimaster.c **** *************************************************************************/
 156:src/twimaster.c **** unsigned char i2c_write( unsigned char data )
 157:src/twimaster.c **** {	
 217               		.loc 1 157 0
 218               		.cfi_startproc
 219               	.LVL16:
 220               	/* prologue: function */
 221               	/* frame size = 0 */
 222               	/* stack size = 0 */
 223               	.L__stack_usage = 0
 158:src/twimaster.c ****     uint8_t   twst;
 159:src/twimaster.c ****     
 160:src/twimaster.c **** 	// send data to the previously addressed device
 161:src/twimaster.c **** 	TWDR = data;
 224               		.loc 1 161 0
 225 00b2 8093 BB00 		sts 187,r24
 162:src/twimaster.c **** 	TWCR = (1<<TWINT) | (1<<TWEN);
 226               		.loc 1 162 0
 227 00b6 84E8      		ldi r24,lo8(-124)
 228               	.LVL17:
 229 00b8 8093 BC00 		sts 188,r24
 230               	.LVL18:
 231               	.L41:
 163:src/twimaster.c **** 
 164:src/twimaster.c **** 	// wait until transmission completed
 165:src/twimaster.c **** 	while(!(TWCR & (1<<TWINT)));
 232               		.loc 1 165 0 discriminator 1
 233 00bc 8091 BC00 		lds r24,188
 234 00c0 87FF      		sbrs r24,7
 235 00c2 00C0      		rjmp .L41
 166:src/twimaster.c **** 
 167:src/twimaster.c **** 	// check value of TWI Status Register. Mask prescaler bits
 168:src/twimaster.c **** 	twst = TW_STATUS & 0xF8;
 236               		.loc 1 168 0
 237 00c4 9091 B900 		lds r25,185
 238               	.LVL19:
 239 00c8 987F      		andi r25,lo8(-8)
 240               	.LVL20:
 241 00ca 81E0      		ldi r24,lo8(1)
 242 00cc 9832      		cpi r25,lo8(40)
 243 00ce 01F4      		brne .L42
 244 00d0 80E0      		ldi r24,0
 245               	.L42:
 169:src/twimaster.c **** 	if( twst != TW_MT_DATA_ACK) return 1;
 170:src/twimaster.c **** 	return 0;
 171:src/twimaster.c **** 
 172:src/twimaster.c **** }/* i2c_write */
 246               		.loc 1 172 0
 247 00d2 0895      		ret
 248               		.cfi_endproc
 249               	.LFE5:
 251               	.global	i2c_readAck
 253               	i2c_readAck:
 254               	.LFB6:
 173:src/twimaster.c **** 
 174:src/twimaster.c **** 
 175:src/twimaster.c **** /*************************************************************************
 176:src/twimaster.c ****  Read one byte from the I2C device, request more data from device 
 177:src/twimaster.c ****  
 178:src/twimaster.c ****  Return:  byte read from I2C device
 179:src/twimaster.c **** *************************************************************************/
 180:src/twimaster.c **** unsigned char i2c_readAck(void)
 181:src/twimaster.c **** {
 255               		.loc 1 181 0
 256               		.cfi_startproc
 257               	/* prologue: function */
 258               	/* frame size = 0 */
 259               	/* stack size = 0 */
 260               	.L__stack_usage = 0
 182:src/twimaster.c **** 	TWCR = (1<<TWINT) | (1<<TWEN) | (1<<TWEA);
 261               		.loc 1 182 0
 262 00d4 84EC      		ldi r24,lo8(-60)
 263 00d6 8093 BC00 		sts 188,r24
 264               	.L45:
 183:src/twimaster.c **** 	while(!(TWCR & (1<<TWINT)));    
 265               		.loc 1 183 0 discriminator 1
 266 00da 8091 BC00 		lds r24,188
 267 00de 87FF      		sbrs r24,7
 268 00e0 00C0      		rjmp .L45
 184:src/twimaster.c **** 
 185:src/twimaster.c ****     return TWDR;
 269               		.loc 1 185 0
 270 00e2 8091 BB00 		lds r24,187
 186:src/twimaster.c **** 
 187:src/twimaster.c **** }/* i2c_readAck */
 271               		.loc 1 187 0
 272 00e6 0895      		ret
 273               		.cfi_endproc
 274               	.LFE6:
 276               	.global	i2c_readNak
 278               	i2c_readNak:
 279               	.LFB7:
 188:src/twimaster.c **** 
 189:src/twimaster.c **** 
 190:src/twimaster.c **** /*************************************************************************
 191:src/twimaster.c ****  Read one byte from the I2C device, read is followed by a stop condition 
 192:src/twimaster.c ****  
 193:src/twimaster.c ****  Return:  byte read from I2C device
 194:src/twimaster.c **** *************************************************************************/
 195:src/twimaster.c **** unsigned char i2c_readNak(void)
 196:src/twimaster.c **** {
 280               		.loc 1 196 0
 281               		.cfi_startproc
 282               	/* prologue: function */
 283               	/* frame size = 0 */
 284               	/* stack size = 0 */
 285               	.L__stack_usage = 0
 197:src/twimaster.c **** 	TWCR = (1<<TWINT) | (1<<TWEN);
 286               		.loc 1 197 0
 287 00e8 84E8      		ldi r24,lo8(-124)
 288 00ea 8093 BC00 		sts 188,r24
 289               	.L48:
 198:src/twimaster.c **** 	while(!(TWCR & (1<<TWINT)));
 290               		.loc 1 198 0 discriminator 1
 291 00ee 8091 BC00 		lds r24,188
 292 00f2 87FF      		sbrs r24,7
 293 00f4 00C0      		rjmp .L48
 199:src/twimaster.c **** 	
 200:src/twimaster.c ****     return TWDR;
 294               		.loc 1 200 0
 295 00f6 8091 BB00 		lds r24,187
 201:src/twimaster.c **** 
 202:src/twimaster.c **** }/* i2c_readNak */
 296               		.loc 1 202 0
 297 00fa 0895      		ret
 298               		.cfi_endproc
 299               	.LFE7:
 301               	.Letext0:
 302               		.file 2 "c:\\winavr-20100110\\avr\\include\\stdint.h"
DEFINED SYMBOLS
                            *ABS*:00000000 twimaster.c
C:\Users\JOHANN~1\AppData\Local\Temp\ccXFSvjJ.s:2      *ABS*:0000003e __SP_H__
C:\Users\JOHANN~1\AppData\Local\Temp\ccXFSvjJ.s:3      *ABS*:0000003d __SP_L__
C:\Users\JOHANN~1\AppData\Local\Temp\ccXFSvjJ.s:4      *ABS*:0000003f __SREG__
C:\Users\JOHANN~1\AppData\Local\Temp\ccXFSvjJ.s:5      *ABS*:00000000 __tmp_reg__
C:\Users\JOHANN~1\AppData\Local\Temp\ccXFSvjJ.s:6      *ABS*:00000001 __zero_reg__
C:\Users\JOHANN~1\AppData\Local\Temp\ccXFSvjJ.s:12     .text:00000000 i2c_init
C:\Users\JOHANN~1\AppData\Local\Temp\ccXFSvjJ.s:32     .text:0000000c i2c_start
C:\Users\JOHANN~1\AppData\Local\Temp\ccXFSvjJ.s:102    .text:00000050 i2c_start_wait
C:\Users\JOHANN~1\AppData\Local\Temp\ccXFSvjJ.s:174    .text:0000009e i2c_rep_start
C:\Users\JOHANN~1\AppData\Local\Temp\ccXFSvjJ.s:191    .text:000000a2 i2c_stop
C:\Users\JOHANN~1\AppData\Local\Temp\ccXFSvjJ.s:215    .text:000000b2 i2c_write
C:\Users\JOHANN~1\AppData\Local\Temp\ccXFSvjJ.s:253    .text:000000d4 i2c_readAck
C:\Users\JOHANN~1\AppData\Local\Temp\ccXFSvjJ.s:278    .text:000000e8 i2c_readNak

NO UNDEFINED SYMBOLS
